[main] 2021-07-16 00:40:18 INFO  com.bank.main.BankMain  - Welcome to BankApp V1.0
[main] 2021-07-16 00:40:18 INFO  com.bank.main.BankMain  - ==================================
[main] 2021-07-16 00:40:18 INFO  com.bank.main.BankMain  - 
Bank Menu
[main] 2021-07-16 00:40:18 INFO  com.bank.main.BankMain  - 1)Login
[main] 2021-07-16 00:40:18 INFO  com.bank.main.BankMain  - 2)Register as a Customer
[main] 2021-07-16 00:40:18 INFO  com.bank.main.BankMain  - 3)EXIT
[main] 2021-07-16 00:40:18 INFO  com.bank.main.BankMain  - 
Enter your Choice 1-3
[main] 2021-07-16 00:40:30 INFO  com.bank.main.BankMain  - 
1)Login as Employee
[main] 2021-07-16 00:40:30 INFO  com.bank.main.BankMain  - 
2)Login as Customer
[main] 2021-07-16 00:40:30 INFO  com.bank.main.BankMain  - 
Enter your Choice 1-2
[main] 2021-07-16 00:40:48 INFO  com.bank.main.BankMain  - 
Welcome to Employee Login Screen
[main] 2021-07-16 00:40:48 INFO  com.bank.main.BankMain  - 
Enter Username:
[main] 2021-07-16 00:41:03 INFO  com.bank.main.BankMain  - 
Enter Password:
[main] 2021-07-16 01:07:48 INFO  com.bank.main.BankMain  - Welcome to BankApp V1.0
[main] 2021-07-16 01:07:48 INFO  com.bank.main.BankMain  - ==================================
[main] 2021-07-16 01:07:48 INFO  com.bank.main.BankMain  - 
Bank Menu
[main] 2021-07-16 01:07:48 INFO  com.bank.main.BankMain  - 1)Login
[main] 2021-07-16 01:07:48 INFO  com.bank.main.BankMain  - 2)Register as a Customer
[main] 2021-07-16 01:07:48 INFO  com.bank.main.BankMain  - 3)EXIT
[main] 2021-07-16 01:07:48 INFO  com.bank.main.BankMain  - 
Enter your Choice 1-3
[main] 2021-07-16 01:07:52 INFO  com.bank.main.BankMain  - 
Enter Full name
[main] 2021-07-16 01:08:08 INFO  com.bank.main.BankMain  - 
Enter Your Username
[main] 2021-07-16 01:08:17 INFO  com.bank.main.BankMain  - 
Enter Your Password
[main] 2021-07-16 01:08:22 INFO  com.bank.main.BankMain  - 
 Account Deleted Successfully....


[main] 2021-07-16 01:09:01 INFO  com.bank.main.BankMain  - Welcome to BankApp V1.0
[main] 2021-07-16 01:09:01 INFO  com.bank.main.BankMain  - ==================================
[main] 2021-07-16 01:09:01 INFO  com.bank.main.BankMain  - 
Bank Menu
[main] 2021-07-16 01:09:01 INFO  com.bank.main.BankMain  - 1)Login
[main] 2021-07-16 01:09:01 INFO  com.bank.main.BankMain  - 2)Register as a Customer
[main] 2021-07-16 01:09:01 INFO  com.bank.main.BankMain  - 3)EXIT
[main] 2021-07-16 01:09:01 INFO  com.bank.main.BankMain  - 
Enter your Choice 1-3
[main] 2021-07-16 01:09:08 INFO  com.bank.main.BankMain  - 
Welcome to Cutomer Login Page

[main] 2021-07-16 01:09:08 INFO  com.bank.main.BankMain  - 
Enter Your Name
[main] 2021-07-16 01:09:12 INFO  com.bank.main.BankMain  - 
Enter Your Email
[main] 2021-07-16 01:09:21 INFO  com.bank.main.BankMain  - Welcome to BankApp V1.0
[main] 2021-07-16 01:09:21 INFO  com.bank.main.BankMain  - ==================================
[main] 2021-07-16 01:09:21 INFO  com.bank.main.BankMain  - 
Bank Menu
[main] 2021-07-16 01:09:21 INFO  com.bank.main.BankMain  - 1)Login
[main] 2021-07-16 01:09:21 INFO  com.bank.main.BankMain  - 2)Register as a Customer
[main] 2021-07-16 01:09:21 INFO  com.bank.main.BankMain  - 3)EXIT
[main] 2021-07-16 01:09:21 INFO  com.bank.main.BankMain  - 
Enter your Choice 1-3
[main] 2021-07-16 01:09:25 INFO  com.bank.main.BankMain  - 
Welcome to Cutomer Login Page

[main] 2021-07-16 01:09:25 INFO  com.bank.main.BankMain  - 
Enter Your Name
[main] 2021-07-16 01:09:30 INFO  com.bank.main.BankMain  - 
Enter Your Email
[main] 2021-07-16 01:09:42 INFO  com.bank.main.BankMain  - 
Enter Your Username
[main] 2021-07-16 01:09:51 INFO  com.bank.main.BankMain  - 
Enter Your Password
[main] 2021-07-16 01:10:04 INFO  com.bank.main.BankMain  - 
 Bank Account Registered Successfully...

[main] 2021-07-16 01:10:04 INFO  com.bank.main.BankMain  - Welcome to BankApp V1.0
[main] 2021-07-16 01:10:04 INFO  com.bank.main.BankMain  - ==================================
[main] 2021-07-16 01:10:04 INFO  com.bank.main.BankMain  - 
Bank Menu
[main] 2021-07-16 01:10:04 INFO  com.bank.main.BankMain  - 1)Login
[main] 2021-07-16 01:10:04 INFO  com.bank.main.BankMain  - 2)Register as a Customer
[main] 2021-07-16 01:10:04 INFO  com.bank.main.BankMain  - 3)EXIT
[main] 2021-07-16 01:10:04 INFO  com.bank.main.BankMain  - 
Enter your Choice 1-3
[main] 2021-07-16 01:10:04 INFO  com.bank.main.BankMain  - 
Welcome to Cutomer Login Page

[main] 2021-07-16 01:10:04 INFO  com.bank.main.BankMain  - 
Enter Your Name
[main] 2021-07-16 01:15:40 INFO  com.bank.main.BankMain  - Welcome to BankApp V1.0
[main] 2021-07-16 01:15:40 INFO  com.bank.main.BankMain  - ==================================
[main] 2021-07-16 01:15:40 INFO  com.bank.main.BankMain  - 
Bank Menu
[main] 2021-07-16 01:15:40 INFO  com.bank.main.BankMain  - 1)Login
[main] 2021-07-16 01:15:40 INFO  com.bank.main.BankMain  - 2)Register as a Customer
[main] 2021-07-16 01:15:40 INFO  com.bank.main.BankMain  - 3)EXIT
[main] 2021-07-16 01:15:40 INFO  com.bank.main.BankMain  - 
Enter your Choice 1-3
[main] 2021-07-16 01:15:49 INFO  com.bank.main.BankMain  - 
1)Login as Employee
[main] 2021-07-16 01:15:49 INFO  com.bank.main.BankMain  - 
2)Login as Customer
[main] 2021-07-16 01:15:49 INFO  com.bank.main.BankMain  - 
Enter your Choice 1-2
[main] 2021-07-16 01:15:53 INFO  com.bank.main.BankMain  - 
Welcome to Employee Login Screen
[main] 2021-07-16 01:15:53 INFO  com.bank.main.BankMain  - 
Enter Username:
[main] 2021-07-16 01:16:01 INFO  com.bank.main.BankMain  - 
Enter Password:
[main] 2021-07-16 01:16:19 INFO  com.bank.main.BankMain  - Welcome to BankApp V1.0
[main] 2021-07-16 01:16:19 INFO  com.bank.main.BankMain  - ==================================
[main] 2021-07-16 01:16:19 INFO  com.bank.main.BankMain  - 
Bank Menu
[main] 2021-07-16 01:16:19 INFO  com.bank.main.BankMain  - 1)Login
[main] 2021-07-16 01:16:19 INFO  com.bank.main.BankMain  - 2)Register as a Customer
[main] 2021-07-16 01:16:19 INFO  com.bank.main.BankMain  - 3)EXIT
[main] 2021-07-16 01:16:19 INFO  com.bank.main.BankMain  - 
Enter your Choice 1-3
[main] 2021-07-16 08:06:01 INFO  com.bank.main.BankMain  - Welcome to BankApp V1.0
[main] 2021-07-16 08:06:01 INFO  com.bank.main.BankMain  - ==================================
[main] 2021-07-16 08:06:01 INFO  com.bank.main.BankMain  - 
Bank Menu
[main] 2021-07-16 08:06:01 INFO  com.bank.main.BankMain  - 1)Login
[main] 2021-07-16 08:06:01 INFO  com.bank.main.BankMain  - 2)Register as a Customer
[main] 2021-07-16 08:06:01 INFO  com.bank.main.BankMain  - 3)EXIT
[main] 2021-07-16 08:06:01 INFO  com.bank.main.BankMain  - 
Enter your Choice 1-3
